<?xml version="1.0" encoding="UTF-8"?>
<testng-results ignored="0" total="1" passed="1" failed="0" skipped="0">
  <reporter-output>
  </reporter-output>
  <suite started-at="2024-10-24T16:48:33 PST" name="Default suite" finished-at="2024-10-24T16:48:42 PST" duration-ms="9599">
    <groups>
    </groups>
    <test started-at="2024-10-24T16:48:33 PST" name="Default test" finished-at="2024-10-24T16:48:42 PST" duration-ms="9599">
      <class name="com.example.tests.AFISKH_Regression">
        <test-method is-config="true" signature="setup()[pri:0, instance:com.example.tests.AFISKH_Regression@27406a17]" started-at="2024-10-24T16:48:33 PST" name="setup" finished-at="2024-10-24T16:48:38 PST" duration-ms="5170" status="PASS">
          <reporter-output>
          </reporter-output>
        </test-method> <!-- setup -->
        <test-method signature="AFISKH()[pri:0, instance:com.example.tests.AFISKH_Regression@27406a17]" started-at="2024-10-24T16:48:38 PST" name="AFISKH" finished-at="2024-10-24T16:48:42 PST" duration-ms="4338" status="PASS">
          <reporter-output>
          </reporter-output>
        </test-method> <!-- AFISKH -->
      </class> <!-- com.example.tests.AFISKH_Regression -->
    </test> <!-- Default test -->
  </suite> <!-- Default suite -->
</testng-results>
