<?xml version="1.0" encoding="UTF-8"?>
<testng-results ignored="0" total="1" passed="1" failed="0" skipped="0">
  <reporter-output>
  </reporter-output>
  <suite started-at="2024-10-18T08:11:40 PST" name="Default suite" finished-at="2024-10-18T08:11:50 PST" duration-ms="10331">
    <groups>
    </groups>
    <test started-at="2024-10-18T08:11:40 PST" name="Default test" finished-at="2024-10-18T08:11:50 PST" duration-ms="10331">
      <class name="com.example.tests.AFISKH_Regression">
        <test-method is-config="true" signature="setup()[pri:0, instance:com.example.tests.AFISKH_Regression@3fcdcf]" started-at="2024-10-18T08:11:40 PST" name="setup" finished-at="2024-10-18T08:11:50 PST" duration-ms="9939" status="PASS">
          <reporter-output>
          </reporter-output>
        </test-method> <!-- setup -->
        <test-method signature="AFISKH()[pri:0, instance:com.example.tests.AFISKH_Regression@3fcdcf]" started-at="2024-10-18T08:11:50 PST" name="AFISKH" finished-at="2024-10-18T08:11:50 PST" duration-ms="263" status="PASS">
          <reporter-output>
          </reporter-output>
        </test-method> <!-- AFISKH -->
      </class> <!-- com.example.tests.AFISKH_Regression -->
    </test> <!-- Default test -->
  </suite> <!-- Default suite -->
</testng-results>
